
           ####      G N O M             Version 5.0 (r12736)      ####
                                               Tue Aug 17 08:24:30 2021

           ####      Configuration                                 ####

    System Type:                   arbitrary monodisperse (job = 0)
    Minimum characteristic size:         0.0000
    Maximum characteristic size:        49.5000
    rad56:                               0.0000
    Force 0.0 at r = rmin:                  yes
    Force 0.0 at r = rmax:                  yes
    Initial alpha:                       0.0000
    Initial random seed:      50819837458648960
    Points in real space:                   221

    Input  1:                      F:/HR-LYS/dat/alys_0.9.dat
    First data point used:                    1
    Last data point used:                   222
    Scaling coefficient:             0.1000E+01
    Experimental setup:            point collimation



           ####      Results                                       ####

    Parameter    DISCRP  OSCILL  STABIL  SYSDEV  POSITV  VALCEN  SMOOTH
    Weight        1.000   3.000   3.000   3.000   1.000   1.000   1.000
    Sigma         0.300   0.600   0.120   0.120   0.120   0.120   0.600
    Ideal         0.700   1.100   0.000   1.000   1.000   0.950   0.000
    Current       0.708   1.446   0.030   0.371   1.000   0.928   0.140
               --------------------------------------------------------
    Estimate      0.999   0.717   0.940   0.000   1.000   0.966   0.947

    Angular range:                       0.0080 to       1.7200
    Reciprocal space Rg:             0.1456E+02
    Reciprocal space I(0):           0.4279E+02

    Real space range:                    0.0000 to      49.5000
    Real space Rg:                   0.1456E+02 +-   0.1072E+00
    Real space I(0):                 0.4279E+02 +-   0.1911E+00

    Highest ALPHA (theor):           0.4685E+03
    Current ALPHA:                   0.5186E+02

    Total Estimate:                      0.6835 (a REASONABLE solution)



           ####      Experimental Data and Fit                     ####

      S          J EXP       ERROR       J REG       I REG

   0.000000E+00                                                0.427870E+02
   0.888889E-03                                                0.427842E+02
   0.177778E-02                                                0.427771E+02
   0.266667E-02                                                0.427651E+02
   0.355556E-02                                                0.427484E+02
   0.444444E-02                                                0.427270E+02
   0.533333E-02                                                0.427008E+02
   0.622222E-02                                                0.426698E+02
   0.711111E-02                                                0.426341E+02
   0.800000E-02   0.430594E+02   0.458247E+01   0.425936E+02   0.425936E+02
   0.900000E-02   0.429287E+02   0.291180E+01   0.425425E+02   0.425425E+02
   0.100000E-01   0.426489E+02   0.219951E+01   0.424854E+02   0.424854E+02
   0.110000E-01   0.418359E+02   0.178363E+01   0.424225E+02   0.424225E+02
   0.120000E-01   0.423160E+02   0.155261E+01   0.423536E+02   0.423536E+02
   0.130000E-01   0.422435E+02   0.133680E+01   0.422788E+02   0.422788E+02
   0.140000E-01   0.421888E+02   0.123087E+01   0.421982E+02   0.421982E+02
   0.150000E-01   0.416906E+02   0.111643E+01   0.421118E+02   0.421118E+02
   0.160000E-01   0.416411E+02   0.103009E+01   0.420197E+02   0.420197E+02
   0.170000E-01   0.416663E+02   0.996180E+00   0.419218E+02   0.419218E+02
   0.180000E-01   0.415131E+02   0.957470E+00   0.418182E+02   0.418182E+02
   0.190000E-01   0.416006E+02   0.902000E+00   0.417090E+02   0.417090E+02
   0.200000E-01   0.414135E+02   0.867410E+00   0.415942E+02   0.415942E+02
   0.210000E-01   0.415254E+02   0.862640E+00   0.414738E+02   0.414738E+02
   0.220000E-01   0.409801E+02   0.835100E+00   0.413479E+02   0.413479E+02
   0.230000E-01   0.411315E+02   0.810800E+00   0.412165E+02   0.412165E+02
   0.240000E-01   0.411543E+02   0.783120E+00   0.410798E+02   0.410798E+02
   0.250000E-01   0.405117E+02   0.775770E+00   0.409376E+02   0.409376E+02
   0.260000E-01   0.407273E+02   0.748410E+00   0.407902E+02   0.407902E+02
   0.270000E-01   0.401573E+02   0.740050E+00   0.406376E+02   0.406376E+02
   0.280000E-01   0.399185E+02   0.741000E+00   0.404798E+02   0.404798E+02
   0.290000E-01   0.396163E+02   0.754580E+00   0.403169E+02   0.403169E+02
   0.300000E-01   0.397325E+02   0.755320E+00   0.401489E+02   0.401489E+02
   0.310000E-01   0.397805E+02   0.724280E+00   0.399759E+02   0.399759E+02
   0.320000E-01   0.398069E+02   0.728270E+00   0.397981E+02   0.397981E+02
   0.330000E-01   0.393770E+02   0.759020E+00   0.396154E+02   0.396154E+02
   0.340000E-01   0.392007E+02   0.753300E+00   0.394279E+02   0.394279E+02
   0.350000E-01   0.391242E+02   0.773640E+00   0.392357E+02   0.392357E+02
   0.360000E-01   0.386920E+02   0.781560E+00   0.390390E+02   0.390390E+02
   0.370000E-01   0.386911E+02   0.791220E+00   0.388376E+02   0.388376E+02
   0.380000E-01   0.386772E+02   0.857870E+00   0.386318E+02   0.386318E+02
   0.390000E-01   0.384100E+02   0.938660E+00   0.384217E+02   0.384217E+02
   0.400000E-01   0.385295E+02   0.929280E+00   0.382072E+02   0.382072E+02
   0.410000E-01   0.378290E+02   0.912830E+00   0.379885E+02   0.379885E+02
   0.420000E-01   0.373102E+02   0.880090E+00   0.377656E+02   0.377656E+02
   0.430000E-01   0.375014E+02   0.865190E+00   0.375387E+02   0.375387E+02
   0.440000E-01   0.368824E+02   0.841620E+00   0.373079E+02   0.373079E+02
   0.450000E-01   0.366117E+02   0.783900E+00   0.370731E+02   0.370731E+02
   0.460000E-01   0.370360E+02   0.782220E+00   0.368346E+02   0.368346E+02
   0.470000E-01   0.366721E+02   0.724120E+00   0.365924E+02   0.365924E+02
   0.480000E-01   0.368977E+02   0.831920E+00   0.363465E+02   0.363465E+02
   0.490000E-01   0.363827E+02   0.689460E+00   0.360972E+02   0.360972E+02
   0.502500E-01   0.360075E+02   0.508690E+00   0.357807E+02   0.357807E+02
   0.520000E-01   0.354367E+02   0.456960E+00   0.353289E+02   0.353289E+02
   0.540000E-01   0.347215E+02   0.448980E+00   0.348008E+02   0.348008E+02
   0.560000E-01   0.343204E+02   0.441370E+00   0.342610E+02   0.342610E+02
   0.580000E-01   0.339384E+02   0.431120E+00   0.337100E+02   0.337100E+02
   0.600000E-01   0.329983E+02   0.429490E+00   0.331489E+02   0.331489E+02
   0.620000E-01   0.326110E+02   0.414660E+00   0.325782E+02   0.325782E+02
   0.640000E-01   0.320611E+02   0.411050E+00   0.319989E+02   0.319989E+02
   0.660000E-01   0.315767E+02   0.398900E+00   0.314117E+02   0.314117E+02
   0.680000E-01   0.309356E+02   0.397960E+00   0.308175E+02   0.308175E+02
   0.700000E-01   0.303103E+02   0.396580E+00   0.302169E+02   0.302169E+02
   0.720000E-01   0.297396E+02   0.386810E+00   0.296108E+02   0.296108E+02
   0.740000E-01   0.292201E+02   0.373620E+00   0.289999E+02   0.289999E+02
   0.760000E-01   0.287888E+02   0.373590E+00   0.283852E+02   0.283852E+02
   0.780000E-01   0.278233E+02   0.363160E+00   0.277672E+02   0.277672E+02
   0.800000E-01   0.273346E+02   0.356780E+00   0.271468E+02   0.271468E+02
   0.820000E-01   0.267188E+02   0.352210E+00   0.265247E+02   0.265247E+02
   0.840000E-01   0.261179E+02   0.352470E+00   0.259017E+02   0.259017E+02
   0.860000E-01   0.253669E+02   0.340610E+00   0.252784E+02   0.252784E+02
   0.880000E-01   0.249174E+02   0.338850E+00   0.246557E+02   0.246557E+02
   0.900000E-01   0.241880E+02   0.333570E+00   0.240341E+02   0.240341E+02
   0.920000E-01   0.237002E+02   0.329180E+00   0.234143E+02   0.234143E+02
   0.940000E-01   0.230571E+02   0.323940E+00   0.227971E+02   0.227971E+02
   0.960000E-01   0.225629E+02   0.402520E+00   0.221830E+02   0.221830E+02
   0.980000E-01   0.220270E+02   0.316970E+00   0.215726E+02   0.215726E+02
   0.100750E+00   0.210619E+02   0.212710E+00   0.207405E+02   0.207405E+02
   0.105000E+00   0.196430E+02   0.189470E+00   0.194741E+02   0.194741E+02
   0.110000E+00   0.182674E+02   0.189250E+00   0.180206E+02   0.180206E+02
   0.115000E+00   0.172525E+02   0.343810E+00   0.166133E+02   0.166133E+02
   0.120000E+00   0.157565E+02   0.656490E+00   0.152586E+02   0.152586E+02
   0.125000E+00   0.144181E+02   0.377180E+00   0.139619E+02   0.139619E+02
   0.130000E+00   0.131352E+02   0.351920E+00   0.127276E+02   0.127276E+02
   0.135000E+00   0.118664E+02   0.277470E+00   0.115591E+02   0.115591E+02
   0.140000E+00   0.107263E+02   0.230200E+00   0.104587E+02   0.104587E+02
   0.145000E+00   0.966113E+01   0.159390E+00   0.942825E+01   0.942825E+01
   0.150000E+00   0.860788E+01   0.190220E+00   0.846828E+01   0.846828E+01
   0.155000E+00   0.771753E+01   0.203260E+00   0.757880E+01   0.757880E+01
   0.160000E+00   0.680656E+01   0.160500E+00   0.675902E+01   0.675902E+01
   0.165000E+00   0.608288E+01   0.156030E+00   0.600758E+01   0.600758E+01
   0.170000E+00   0.538648E+01   0.144820E+00   0.532251E+01   0.532251E+01
   0.175000E+00   0.470440E+01   0.133190E+00   0.470141E+01   0.470141E+01
   0.180000E+00   0.408908E+01   0.165150E+00   0.414148E+01   0.414148E+01
   0.185000E+00   0.360585E+01   0.120960E+00   0.363962E+01   0.363962E+01
   0.190000E+00   0.310600E+01   0.122620E+00   0.319247E+01   0.319247E+01
   0.195000E+00   0.270075E+01   0.137430E+00   0.279652E+01   0.279652E+01
   0.200000E+00   0.238385E+01   0.116580E+00   0.244817E+01   0.244817E+01
   0.205000E+00   0.203135E+01   0.140570E+00   0.214376E+01   0.214376E+01
   0.210000E+00   0.182180E+01   0.133800E+00   0.187966E+01   0.187966E+01
   0.215000E+00   0.156953E+01   0.106490E+00   0.165228E+01   0.165228E+01
   0.220000E+00   0.131418E+01   0.108740E+00   0.145813E+01   0.145813E+01
   0.225000E+00   0.118652E+01   0.125770E+00   0.129386E+01   0.129386E+01
   0.230000E+00   0.105905E+01   0.102950E+00   0.115624E+01   0.115624E+01
   0.235000E+00   0.915950E+00   0.149470E+00   0.104224E+01   0.104224E+01
   0.240000E+00   0.808680E+00   0.957700E-01   0.949010E+00   0.949010E+00
   0.245000E+00   0.778430E+00   0.936400E-01   0.873891E+00   0.873891E+00
   0.250000E+00   0.740390E+00   0.809500E-01   0.814422E+00   0.814422E+00
   0.255000E+00   0.709510E+00   0.861400E-01   0.768344E+00   0.768344E+00
   0.260000E+00   0.609570E+00   0.105050E+00   0.733597E+00   0.733597E+00
   0.265000E+00   0.611240E+00   0.989400E-01   0.708308E+00   0.708308E+00
   0.270000E+00   0.617450E+00   0.123840E+00   0.690816E+00   0.690816E+00
   0.275000E+00   0.620770E+00   0.115750E+00   0.679601E+00   0.679601E+00
   0.280000E+00   0.603940E+00   0.158290E+00   0.673338E+00   0.673338E+00
   0.285000E+00   0.632490E+00   0.152830E+00   0.670857E+00   0.670857E+00
   0.290000E+00   0.681480E+00   0.845700E-01   0.671135E+00   0.671135E+00
   0.295000E+00   0.667590E+00   0.121230E+00   0.673293E+00   0.673293E+00
   0.300000E+00   0.683920E+00   0.782600E-01   0.676577E+00   0.676577E+00
   0.305000E+00   0.654500E+00   0.752400E-01   0.680353E+00   0.680353E+00
   0.310000E+00   0.693380E+00   0.973100E-01   0.684093E+00   0.684093E+00
   0.315000E+00   0.714770E+00   0.106550E+00   0.687373E+00   0.687373E+00
   0.320000E+00   0.731730E+00   0.119980E+00   0.689856E+00   0.689856E+00
   0.325000E+00   0.705420E+00   0.213970E+00   0.691285E+00   0.691285E+00
   0.330000E+00   0.687550E+00   0.132410E+00   0.691475E+00   0.691475E+00
   0.335000E+00   0.713180E+00   0.390780E+00   0.690307E+00   0.690307E+00
   0.340000E+00   0.703410E+00   0.894400E-01   0.687708E+00   0.687708E+00
   0.345000E+00   0.690210E+00   0.139030E+00   0.683683E+00   0.683683E+00
   0.350000E+00   0.691730E+00   0.104100E+00   0.678238E+00   0.678238E+00
   0.355000E+00   0.684550E+00   0.843000E-01   0.671435E+00   0.671435E+00
   0.360000E+00   0.683650E+00   0.102050E+00   0.663365E+00   0.663365E+00
   0.365000E+00   0.690270E+00   0.834700E-01   0.654136E+00   0.654136E+00
   0.370000E+00   0.676410E+00   0.796500E-01   0.643873E+00   0.643873E+00
   0.375000E+00   0.668270E+00   0.665000E-01   0.632715E+00   0.632715E+00
   0.380000E+00   0.670460E+00   0.664000E-01   0.620795E+00   0.620795E+00
   0.385000E+00   0.646080E+00   0.678000E-01   0.608287E+00   0.608287E+00
   0.390000E+00   0.640270E+00   0.631700E-01   0.595313E+00   0.595313E+00
   0.395000E+00   0.612250E+00   0.769200E-01   0.582022E+00   0.582022E+00
   0.400000E+00   0.595910E+00   0.156520E+00   0.568552E+00   0.568552E+00
   0.405000E+00   0.566690E+00   0.699400E-01   0.555030E+00   0.555030E+00
   0.410000E+00   0.556530E+00   0.613000E-01   0.541577E+00   0.541577E+00
   0.415000E+00   0.544270E+00   0.155450E+00   0.528301E+00   0.528301E+00
   0.420000E+00   0.526510E+00   0.927400E-01   0.515299E+00   0.515299E+00
   0.425000E+00   0.525630E+00   0.625400E-01   0.502659E+00   0.502659E+00
   0.430000E+00   0.462480E+00   0.849700E-01   0.490456E+00   0.490456E+00
   0.435000E+00   0.428450E+00   0.867600E-01   0.478756E+00   0.478756E+00
   0.440000E+00   0.452160E+00   0.123770E+00   0.467607E+00   0.467607E+00
   0.445000E+00   0.451330E+00   0.126570E+00   0.457059E+00   0.457059E+00
   0.450000E+00   0.421010E+00   0.873500E-01   0.447145E+00   0.447145E+00
   0.455000E+00   0.362720E+00   0.648800E-01   0.437904E+00   0.437904E+00
   0.460000E+00   0.367790E+00   0.739800E-01   0.429318E+00   0.429318E+00
   0.465000E+00   0.362850E+00   0.111920E+00   0.421434E+00   0.421434E+00
   0.470000E+00   0.413170E+00   0.862900E-01   0.414244E+00   0.414244E+00
   0.475000E+00   0.399910E+00   0.956800E-01   0.407747E+00   0.407747E+00
   0.480000E+00   0.377130E+00   0.642700E-01   0.401933E+00   0.401933E+00
   0.485000E+00   0.353640E+00   0.779000E-01   0.396790E+00   0.396790E+00
   0.490000E+00   0.323170E+00   0.836600E-01   0.392297E+00   0.392297E+00
   0.495000E+00   0.353850E+00   0.653200E-01   0.388429E+00   0.388429E+00
   0.501250E+00   0.372150E+00   0.571830E+00   0.384428E+00   0.384428E+00
   0.510000E+00   0.364920E+00   0.525200E-01   0.380255E+00   0.380255E+00
   0.520000E+00   0.355370E+00   0.451600E-01   0.377258E+00   0.377258E+00
   0.530000E+00   0.354330E+00   0.584300E-01   0.375765E+00   0.375765E+00
   0.540000E+00   0.373830E+00   0.547800E-01   0.375353E+00   0.375353E+00
   0.550000E+00   0.368070E+00   0.599300E-01   0.375543E+00   0.375543E+00
   0.560000E+00   0.361480E+00   0.789600E-01   0.375885E+00   0.375885E+00
   0.570000E+00   0.394380E+00   0.717500E-01   0.375957E+00   0.375957E+00
   0.580000E+00   0.382730E+00   0.713800E-01   0.375397E+00   0.375397E+00
   0.590000E+00   0.414480E+00   0.646000E-01   0.373922E+00   0.373922E+00
   0.600000E+00   0.389110E+00   0.571700E-01   0.371345E+00   0.371345E+00
   0.610000E+00   0.401420E+00   0.480000E-01   0.367573E+00   0.367573E+00
   0.620000E+00   0.407280E+00   0.837100E-01   0.362601E+00   0.362601E+00
   0.630000E+00   0.384330E+00   0.779500E-01   0.356500E+00   0.356500E+00
   0.640000E+00   0.402170E+00   0.537400E-01   0.349396E+00   0.349396E+00
   0.650000E+00   0.392880E+00   0.507300E-01   0.341451E+00   0.341451E+00
   0.660000E+00   0.376980E+00   0.759400E-01   0.332841E+00   0.332841E+00
   0.670000E+00   0.381310E+00   0.790100E-01   0.323745E+00   0.323745E+00
   0.680000E+00   0.324910E+00   0.132900E+00   0.314332E+00   0.314332E+00
   0.690000E+00   0.314050E+00   0.529900E-01   0.304752E+00   0.304752E+00
   0.700000E+00   0.311120E+00   0.516100E-01   0.295147E+00   0.295147E+00
   0.710000E+00   0.297540E+00   0.567600E-01   0.285642E+00   0.285642E+00
   0.720000E+00   0.271160E+00   0.749800E-01   0.276355E+00   0.276355E+00
   0.730000E+00   0.264310E+00   0.450200E-01   0.267371E+00   0.267371E+00
   0.740000E+00   0.241250E+00   0.444670E+00   0.258802E+00   0.258802E+00
   0.750000E+00   0.242080E+00   0.532000E-01   0.250724E+00   0.250724E+00
   0.760000E+00   0.211500E+00   0.632800E-01   0.243201E+00   0.243201E+00
   0.770000E+00   0.188190E+00   0.116450E+00   0.236281E+00   0.236281E+00
   0.780000E+00   0.206190E+00   0.554400E-01   0.229987E+00   0.229987E+00
   0.790000E+00   0.206280E+00   0.609000E-01   0.224316E+00   0.224316E+00
   0.800000E+00   0.184860E+00   0.590700E-01   0.219248E+00   0.219248E+00
   0.810000E+00   0.156810E+00   0.656600E-01   0.214738E+00   0.214738E+00
   0.820000E+00   0.177580E+00   0.594000E-01   0.210734E+00   0.210734E+00
   0.830000E+00   0.156210E+00   0.601700E-01   0.207166E+00   0.207166E+00
   0.840000E+00   0.166530E+00   0.542500E-01   0.204002E+00   0.204002E+00
   0.850000E+00   0.225390E+00   0.648600E-01   0.201162E+00   0.201162E+00
   0.860000E+00   0.204010E+00   0.675600E-01   0.198612E+00   0.198612E+00
   0.870000E+00   0.171280E+00   0.570900E-01   0.196320E+00   0.196320E+00
   0.880000E+00   0.166100E+00   0.498300E-01   0.194258E+00   0.194258E+00
   0.890000E+00   0.147620E+00   0.626500E-01   0.192409E+00   0.192409E+00
   0.900000E+00   0.184530E+00   0.569300E-01   0.190749E+00   0.190749E+00
   0.910000E+00   0.205010E+00   0.564200E-01   0.189263E+00   0.189263E+00
   0.920000E+00   0.154970E+00   0.770700E-01   0.187920E+00   0.187920E+00
   0.930000E+00   0.151690E+00   0.518100E-01   0.186695E+00   0.186695E+00
   0.940000E+00   0.169450E+00   0.623300E-01   0.185557E+00   0.185557E+00
   0.950000E+00   0.176210E+00   0.184580E+00   0.184477E+00   0.184477E+00
   0.960000E+00   0.187020E+00   0.557300E-01   0.183432E+00   0.183432E+00
   0.970000E+00   0.169300E+00   0.496200E-01   0.182407E+00   0.182407E+00
   0.980000E+00   0.203900E+00   0.690400E-01   0.181401E+00   0.181401E+00
   0.990000E+00   0.184070E+00   0.749900E-01   0.180419E+00   0.180419E+00
   0.100500E+01   0.180880E+00   0.551100E-01   0.179029E+00   0.179029E+00
   0.103000E+01   0.140100E+00   0.457700E-01   0.177100E+00   0.177100E+00
   0.106000E+01   0.177650E+00   0.488100E-01   0.175618E+00   0.175618E+00
   0.109000E+01   0.167310E+00   0.537800E-01   0.174741E+00   0.174741E+00
   0.112000E+01   0.175880E+00   0.843100E-01   0.173849E+00   0.173849E+00
   0.115000E+01   0.171380E+00   0.739500E-01   0.172701E+00   0.172701E+00
   0.118000E+01   0.169130E+00   0.954400E-01   0.171443E+00   0.171443E+00
   0.121000E+01   0.204890E+00   0.794600E-01   0.170101E+00   0.170101E+00
   0.124000E+01   0.214950E+00   0.829900E-01   0.168439E+00   0.168439E+00
   0.127000E+01   0.225830E+00   0.189640E+00   0.166316E+00   0.166316E+00
   0.130000E+01   0.260620E+00   0.964900E-01   0.163846E+00   0.163846E+00
   0.133000E+01   0.269780E+00   0.100140E+00   0.161093E+00   0.161093E+00
   0.136000E+01   0.345850E+00   0.110860E+00   0.157911E+00   0.157911E+00
   0.139000E+01   0.301090E+00   0.111130E+00   0.154159E+00   0.154159E+00
   0.142000E+01   0.329980E+00   0.101690E+00   0.149935E+00   0.149935E+00
   0.145000E+01   0.302940E+00   0.104490E+00   0.145422E+00   0.145422E+00
   0.148000E+01   0.279930E+00   0.102410E+00   0.140684E+00   0.140684E+00
   0.151000E+01   0.227740E+00   0.104770E+00   0.135751E+00   0.135751E+00
   0.154000E+01   0.220850E+00   0.107610E+00   0.130733E+00   0.130733E+00
   0.157000E+01   0.194960E+00   0.116160E+00   0.125867E+00   0.125867E+00
   0.160000E+01   0.170780E+00   0.264040E+00   0.121203E+00   0.121203E+00
   0.163000E+01   0.168310E+00   0.116380E+00   0.116687E+00   0.116687E+00
   0.166000E+01   0.130540E+00   0.145490E+00   0.112326E+00   0.112326E+00
   0.169000E+01   0.237900E-01   0.129280E+00   0.108221E+00   0.108221E+00
   0.172000E+01   0.598300E-01   0.135780E+00   0.104416E+00   0.104416E+00

           ####      Real Space Data                               ####

           Distance distribution  function of particle  


      R          P(R)      ERROR

  0.0000E+00  0.0000E+00  0.0000E+00
  0.2250E+00  0.5044E-02  0.4672E-03
  0.4500E+00  0.8996E-02  0.7557E-03
  0.6750E+00  0.1193E-01  0.8822E-03
  0.9000E+00  0.1395E-01  0.8731E-03
  0.1125E+01  0.1521E-01  0.7651E-03
  0.1350E+01  0.1588E-01  0.6106E-03
  0.1575E+01  0.1614E-01  0.4929E-03
  0.1800E+01  0.1619E-01  0.5110E-03
  0.2025E+01  0.1619E-01  0.6522E-03
  0.2250E+01  0.1632E-01  0.8243E-03
  0.2475E+01  0.1671E-01  0.9707E-03
  0.2700E+01  0.1745E-01  0.1068E-02
  0.2925E+01  0.1860E-01  0.1111E-02
  0.3150E+01  0.2020E-01  0.1105E-02
  0.3375E+01  0.2223E-01  0.1067E-02
  0.3600E+01  0.2465E-01  0.1015E-02
  0.3825E+01  0.2738E-01  0.9733E-03
  0.4050E+01  0.3033E-01  0.9566E-03
  0.4275E+01  0.3342E-01  0.9687E-03
  0.4500E+01  0.3654E-01  0.1001E-02
  0.4725E+01  0.3960E-01  0.1038E-02
  0.4950E+01  0.4254E-01  0.1068E-02
  0.5175E+01  0.4528E-01  0.1086E-02
  0.5400E+01  0.4781E-01  0.1090E-02
  0.5625E+01  0.5012E-01  0.1085E-02
  0.5850E+01  0.5222E-01  0.1080E-02
  0.6075E+01  0.5415E-01  0.1080E-02
  0.6300E+01  0.5596E-01  0.1091E-02
  0.6525E+01  0.5772E-01  0.1112E-02
  0.6750E+01  0.5949E-01  0.1138E-02
  0.6975E+01  0.6134E-01  0.1164E-02
  0.7200E+01  0.6334E-01  0.1185E-02
  0.7425E+01  0.6552E-01  0.1196E-02
  0.7650E+01  0.6793E-01  0.1197E-02
  0.7875E+01  0.7058E-01  0.1190E-02
  0.8100E+01  0.7348E-01  0.1178E-02
  0.8325E+01  0.7660E-01  0.1167E-02
  0.8550E+01  0.7991E-01  0.1163E-02
  0.8775E+01  0.8339E-01  0.1169E-02
  0.9000E+01  0.8698E-01  0.1186E-02
  0.9225E+01  0.9064E-01  0.1214E-02
  0.9450E+01  0.9431E-01  0.1246E-02
  0.9675E+01  0.9796E-01  0.1277E-02
  0.9900E+01  0.1015E+00  0.1301E-02
  0.1012E+02  0.1050E+00  0.1313E-02
  0.1035E+02  0.1084E+00  0.1311E-02
  0.1058E+02  0.1117E+00  0.1293E-02
  0.1080E+02  0.1148E+00  0.1261E-02
  0.1103E+02  0.1178E+00  0.1221E-02
  0.1125E+02  0.1207E+00  0.1180E-02
  0.1147E+02  0.1235E+00  0.1146E-02
  0.1170E+02  0.1261E+00  0.1126E-02
  0.1193E+02  0.1287E+00  0.1128E-02
  0.1215E+02  0.1312E+00  0.1150E-02
  0.1238E+02  0.1336E+00  0.1190E-02
  0.1260E+02  0.1359E+00  0.1241E-02
  0.1283E+02  0.1381E+00  0.1293E-02
  0.1305E+02  0.1402E+00  0.1340E-02
  0.1328E+02  0.1422E+00  0.1377E-02
  0.1350E+02  0.1440E+00  0.1401E-02
  0.1372E+02  0.1458E+00  0.1412E-02
  0.1395E+02  0.1474E+00  0.1412E-02
  0.1418E+02  0.1489E+00  0.1403E-02
  0.1440E+02  0.1503E+00  0.1389E-02
  0.1462E+02  0.1516E+00  0.1373E-02
  0.1485E+02  0.1528E+00  0.1356E-02
  0.1508E+02  0.1539E+00  0.1338E-02
  0.1530E+02  0.1549E+00  0.1316E-02
  0.1553E+02  0.1558E+00  0.1291E-02
  0.1575E+02  0.1567E+00  0.1260E-02
  0.1597E+02  0.1576E+00  0.1224E-02
  0.1620E+02  0.1584E+00  0.1185E-02
  0.1643E+02  0.1592E+00  0.1147E-02
  0.1665E+02  0.1600E+00  0.1114E-02
  0.1688E+02  0.1607E+00  0.1091E-02
  0.1710E+02  0.1615E+00  0.1081E-02
  0.1732E+02  0.1621E+00  0.1085E-02
  0.1755E+02  0.1628E+00  0.1101E-02
  0.1778E+02  0.1634E+00  0.1126E-02
  0.1800E+02  0.1639E+00  0.1154E-02
  0.1823E+02  0.1644E+00  0.1183E-02
  0.1845E+02  0.1648E+00  0.1207E-02
  0.1868E+02  0.1651E+00  0.1226E-02
  0.1890E+02  0.1653E+00  0.1239E-02
  0.1912E+02  0.1654E+00  0.1247E-02
  0.1935E+02  0.1654E+00  0.1250E-02
  0.1957E+02  0.1652E+00  0.1252E-02
  0.1980E+02  0.1649E+00  0.1254E-02
  0.2003E+02  0.1645E+00  0.1260E-02
  0.2025E+02  0.1640E+00  0.1271E-02
  0.2048E+02  0.1633E+00  0.1288E-02
  0.2070E+02  0.1625E+00  0.1312E-02
  0.2093E+02  0.1615E+00  0.1341E-02
  0.2115E+02  0.1603E+00  0.1373E-02
  0.2138E+02  0.1590E+00  0.1405E-02
  0.2160E+02  0.1575E+00  0.1435E-02
  0.2182E+02  0.1559E+00  0.1459E-02
  0.2205E+02  0.1541E+00  0.1476E-02
  0.2228E+02  0.1522E+00  0.1484E-02
  0.2250E+02  0.1501E+00  0.1482E-02
  0.2273E+02  0.1479E+00  0.1470E-02
  0.2295E+02  0.1455E+00  0.1450E-02
  0.2318E+02  0.1430E+00  0.1424E-02
  0.2340E+02  0.1404E+00  0.1394E-02
  0.2362E+02  0.1377E+00  0.1364E-02
  0.2385E+02  0.1349E+00  0.1337E-02
  0.2407E+02  0.1321E+00  0.1313E-02
  0.2430E+02  0.1292E+00  0.1296E-02
  0.2453E+02  0.1262E+00  0.1285E-02
  0.2475E+02  0.1232E+00  0.1279E-02
  0.2498E+02  0.1202E+00  0.1277E-02
  0.2520E+02  0.1171E+00  0.1277E-02
  0.2543E+02  0.1141E+00  0.1276E-02
  0.2565E+02  0.1111E+00  0.1275E-02
  0.2588E+02  0.1081E+00  0.1271E-02
  0.2610E+02  0.1051E+00  0.1265E-02
  0.2632E+02  0.1021E+00  0.1257E-02
  0.2655E+02  0.9921E-01  0.1247E-02
  0.2678E+02  0.9633E-01  0.1237E-02
  0.2700E+02  0.9349E-01  0.1225E-02
  0.2723E+02  0.9070E-01  0.1214E-02
  0.2745E+02  0.8796E-01  0.1202E-02
  0.2768E+02  0.8526E-01  0.1191E-02
  0.2790E+02  0.8261E-01  0.1181E-02
  0.2812E+02  0.8001E-01  0.1172E-02
  0.2835E+02  0.7746E-01  0.1167E-02
  0.2857E+02  0.7496E-01  0.1165E-02
  0.2880E+02  0.7250E-01  0.1168E-02
  0.2903E+02  0.7010E-01  0.1176E-02
  0.2925E+02  0.6775E-01  0.1191E-02
  0.2948E+02  0.6545E-01  0.1211E-02
  0.2970E+02  0.6320E-01  0.1236E-02
  0.2993E+02  0.6101E-01  0.1266E-02
  0.3015E+02  0.5887E-01  0.1299E-02
  0.3038E+02  0.5679E-01  0.1335E-02
  0.3060E+02  0.5476E-01  0.1371E-02
  0.3082E+02  0.5278E-01  0.1407E-02
  0.3105E+02  0.5087E-01  0.1442E-02
  0.3128E+02  0.4900E-01  0.1475E-02
  0.3150E+02  0.4719E-01  0.1506E-02
  0.3173E+02  0.4543E-01  0.1535E-02
  0.3195E+02  0.4371E-01  0.1560E-02
  0.3218E+02  0.4205E-01  0.1581E-02
  0.3240E+02  0.4043E-01  0.1599E-02
  0.3262E+02  0.3885E-01  0.1612E-02
  0.3285E+02  0.3732E-01  0.1622E-02
  0.3308E+02  0.3584E-01  0.1628E-02
  0.3330E+02  0.3440E-01  0.1630E-02
  0.3352E+02  0.3299E-01  0.1630E-02
  0.3375E+02  0.3163E-01  0.1627E-02
  0.3398E+02  0.3032E-01  0.1623E-02
  0.3420E+02  0.2904E-01  0.1617E-02
  0.3443E+02  0.2780E-01  0.1611E-02
  0.3465E+02  0.2660E-01  0.1604E-02
  0.3488E+02  0.2543E-01  0.1597E-02
  0.3510E+02  0.2430E-01  0.1591E-02
  0.3533E+02  0.2321E-01  0.1584E-02
  0.3555E+02  0.2215E-01  0.1579E-02
  0.3577E+02  0.2113E-01  0.1574E-02
  0.3600E+02  0.2014E-01  0.1571E-02
  0.3623E+02  0.1918E-01  0.1569E-02
  0.3645E+02  0.1825E-01  0.1569E-02
  0.3668E+02  0.1736E-01  0.1571E-02
  0.3690E+02  0.1650E-01  0.1575E-02
  0.3712E+02  0.1568E-01  0.1582E-02
  0.3735E+02  0.1490E-01  0.1593E-02
  0.3758E+02  0.1414E-01  0.1606E-02
  0.3780E+02  0.1343E-01  0.1622E-02
  0.3802E+02  0.1275E-01  0.1641E-02
  0.3825E+02  0.1210E-01  0.1662E-02
  0.3848E+02  0.1148E-01  0.1684E-02
  0.3870E+02  0.1090E-01  0.1707E-02
  0.3893E+02  0.1034E-01  0.1730E-02
  0.3915E+02  0.9817E-02  0.1753E-02
  0.3938E+02  0.9315E-02  0.1775E-02
  0.3960E+02  0.8837E-02  0.1796E-02
  0.3983E+02  0.8381E-02  0.1814E-02
  0.4005E+02  0.7945E-02  0.1832E-02
  0.4027E+02  0.7529E-02  0.1847E-02
  0.4050E+02  0.7131E-02  0.1859E-02
  0.4073E+02  0.6750E-02  0.1868E-02
  0.4095E+02  0.6386E-02  0.1874E-02
  0.4118E+02  0.6038E-02  0.1875E-02
  0.4140E+02  0.5706E-02  0.1872E-02
  0.4162E+02  0.5389E-02  0.1863E-02
  0.4185E+02  0.5086E-02  0.1848E-02
  0.4208E+02  0.4797E-02  0.1827E-02
  0.4230E+02  0.4521E-02  0.1802E-02
  0.4252E+02  0.4258E-02  0.1771E-02
  0.4275E+02  0.4007E-02  0.1737E-02
  0.4298E+02  0.3767E-02  0.1700E-02
  0.4320E+02  0.3538E-02  0.1661E-02
  0.4343E+02  0.3321E-02  0.1622E-02
  0.4365E+02  0.3114E-02  0.1584E-02
  0.4388E+02  0.2917E-02  0.1548E-02
  0.4410E+02  0.2732E-02  0.1515E-02
  0.4433E+02  0.2558E-02  0.1486E-02
  0.4455E+02  0.2394E-02  0.1461E-02
  0.4477E+02  0.2242E-02  0.1441E-02
  0.4500E+02  0.2101E-02  0.1423E-02
  0.4523E+02  0.1969E-02  0.1408E-02
  0.4545E+02  0.1847E-02  0.1394E-02
  0.4568E+02  0.1733E-02  0.1381E-02
  0.4590E+02  0.1626E-02  0.1365E-02
  0.4612E+02  0.1525E-02  0.1347E-02
  0.4635E+02  0.1427E-02  0.1323E-02
  0.4658E+02  0.1331E-02  0.1294E-02
  0.4680E+02  0.1236E-02  0.1257E-02
  0.4702E+02  0.1139E-02  0.1211E-02
  0.4725E+02  0.1042E-02  0.1155E-02
  0.4748E+02  0.9418E-03  0.1089E-02
  0.4770E+02  0.8394E-03  0.1010E-02
  0.4793E+02  0.7348E-03  0.9202E-03
  0.4815E+02  0.6284E-03  0.8184E-03
  0.4838E+02  0.5211E-03  0.7053E-03
  0.4860E+02  0.4136E-03  0.5817E-03
  0.4883E+02  0.3070E-03  0.4483E-03
  0.4905E+02  0.2021E-03  0.3063E-03
  0.4927E+02  0.9962E-04  0.1566E-03
  0.4950E+02  0.0000E+00  0.0000E+00
